<?xml version="1.0" encoding="UTF-8"?>
<!-- Generated by org.testng.reporters.JUnitReportReporter -->
<testsuite hostname="LAPTOP-LMKCGGE4" failures="0" tests="1" name="testing.StringCalculatorTest" time="0.011" errors="0" timestamp="2022-09-08T02:26:38 IST" skipped="0">
  <testcase classname="testing.StringCalculatorTest" name="testAdd" time="0.011"/>
  <system-out/>
</testsuite> <!-- testing.StringCalculatorTest -->
